[MainThread , 2021-02-01 14:23:04,168, INFO, START make_thumbnails]
[MainThread , 2021-02-01 14:23:04,168, INFO, beginning image downloads]
[MainThread , 2021-02-01 14:23:06,402, INFO, downloaded 26 images in 2.2331892359998164 seconds]
[MainThread , 2021-02-01 14:23:06,402, INFO, END make_thumbnails in 2.2339597629998025 seconds]
[MainThread , 2021-02-01 14:37:54,729, INFO, START make_thumbnails]
[MainThread , 2021-02-01 14:37:54,729, INFO, beginning image downloads]
[Thread-7 , 2021-02-01 14:37:55,969, INFO, image 40052 saved to ./incoming/pexels-photo-185934.jpeg]
[Thread-1 , 2021-02-01 14:37:55,995, INFO, image 77069 saved to ./incoming/pexels-photo-48603.jpeg]
[Thread-2 , 2021-02-01 14:37:56,013, INFO, image 197058 saved to ./incoming/pexels-photo-134392.jpeg]
[Thread-4 , 2021-02-01 14:37:56,039, INFO, image 304763 saved to ./incoming/pexels-photo-167300.jpeg]
[Thread-10 , 2021-02-01 14:37:56,047, INFO, image 420808 saved to ./incoming/pexels-photo-193043.jpeg]
[Thread-15 , 2021-02-01 14:37:56,050, INFO, image 151442 saved to ./incoming/pexels-photo-302899.jpeg]
[Thread-26 , 2021-02-01 14:37:56,151, INFO, image 276539 saved to ./incoming/pexels-photo-341520.jpeg]
[Thread-18 , 2021-02-01 14:37:56,157, INFO, image 74683 saved to ./incoming/pexels-photo-320007.jpeg]
[Thread-19 , 2021-02-01 14:37:56,186, INFO, image 515517 saved to ./incoming/pexels-photo-322207.jpeg]
[Thread-9 , 2021-02-01 14:37:56,193, INFO, image 364212 saved to ./incoming/pexels-photo-193038.jpeg]
[Thread-25 , 2021-02-01 14:37:56,263, INFO, image 116605 saved to ./incoming/pexels-photo-333529.jpeg]
[Thread-16 , 2021-02-01 14:37:56,358, INFO, image 233494 saved to ./incoming/pexels-photo-317156.jpeg]
[Thread-11 , 2021-02-01 14:37:56,586, INFO, image 72124 saved to ./incoming/pexels-photo-207962.jpeg]
[Thread-3 , 2021-02-01 14:37:56,659, INFO, image 114081 saved to ./incoming/pexels-photo-135130.jpeg]
[Thread-21 , 2021-02-01 14:37:56,675, INFO, image 181821 saved to ./incoming/pexels-photo-324030.jpeg]
[Thread-22 , 2021-02-01 14:37:56,770, INFO, image 151399 saved to ./incoming/pexels-photo-324655.jpeg]
[Thread-12 , 2021-02-01 14:37:56,810, INFO, image 184097 saved to ./incoming/pexels-photo-247917.jpeg]
[Thread-6 , 2021-02-01 14:37:56,847, INFO, image 125169 saved to ./incoming/pexels-photo-173125.jpeg]
[Thread-8 , 2021-02-01 14:37:56,880, INFO, image 186764 saved to ./incoming/pexels-photo-192454.jpeg]
[Thread-24 , 2021-02-01 14:37:56,899, INFO, image 180393 saved to ./incoming/pexels-photo-325520.jpeg]
[Thread-5 , 2021-02-01 14:37:56,908, INFO, image 275019 saved to ./incoming/pexels-photo-167921.jpeg]
[Thread-13 , 2021-02-01 14:37:57,084, INFO, image 259934 saved to ./incoming/pexels-photo-247932.jpeg]
[Thread-20 , 2021-02-01 14:37:57,143, INFO, image 177982 saved to ./incoming/pexels-photo-323503.jpeg]
[Thread-23 , 2021-02-01 14:37:57,369, INFO, image 263485 saved to ./incoming/pexels-photo-324658.jpeg]
[Thread-14 , 2021-02-01 14:37:57,581, INFO, image 91450 saved to ./incoming/pexels-photo-265186.jpeg]
[Thread-17 , 2021-02-01 14:37:57,640, INFO, image 591633 saved to ./incoming/pexels-photo-317383.jpeg]
[MainThread , 2021-02-01 14:38:43,157, INFO, START make_thumbnails]
[MainThread , 2021-02-01 14:38:43,157, INFO, beginning image downloads]
[Thread-18 , 2021-02-01 14:38:43,931, INFO, image 74683 saved to ./incoming/pexels-photo-320007.jpeg]
[Thread-15 , 2021-02-01 14:38:43,952, INFO, image 151442 saved to ./incoming/pexels-photo-302899.jpeg]
[Thread-11 , 2021-02-01 14:38:43,967, INFO, image 72124 saved to ./incoming/pexels-photo-207962.jpeg]
[Thread-7 , 2021-02-01 14:38:43,982, INFO, image 40052 saved to ./incoming/pexels-photo-185934.jpeg]
[Thread-13 , 2021-02-01 14:38:43,989, INFO, image 259934 saved to ./incoming/pexels-photo-247932.jpeg]
[Thread-23 , 2021-02-01 14:38:43,993, INFO, image 263485 saved to ./incoming/pexels-photo-324658.jpeg]
[Thread-8 , 2021-02-01 14:38:44,050, INFO, image 186764 saved to ./incoming/pexels-photo-192454.jpeg]
[Thread-17 , 2021-02-01 14:38:44,102, INFO, image 591633 saved to ./incoming/pexels-photo-317383.jpeg]
[Thread-14 , 2021-02-01 14:38:44,244, INFO, image 91450 saved to ./incoming/pexels-photo-265186.jpeg]
[Thread-9 , 2021-02-01 14:38:44,302, INFO, image 364212 saved to ./incoming/pexels-photo-193038.jpeg]
[Thread-21 , 2021-02-01 14:38:44,618, INFO, image 181821 saved to ./incoming/pexels-photo-324030.jpeg]
[Thread-1 , 2021-02-01 14:38:44,623, INFO, image 77069 saved to ./incoming/pexels-photo-48603.jpeg]
[Thread-20 , 2021-02-01 14:38:44,642, INFO, image 177982 saved to ./incoming/pexels-photo-323503.jpeg]
[Thread-25 , 2021-02-01 14:38:44,662, INFO, image 116605 saved to ./incoming/pexels-photo-333529.jpeg]
[Thread-6 , 2021-02-01 14:38:44,679, INFO, image 125169 saved to ./incoming/pexels-photo-173125.jpeg]
[Thread-22 , 2021-02-01 14:38:44,692, INFO, image 151399 saved to ./incoming/pexels-photo-324655.jpeg]
[Thread-24 , 2021-02-01 14:38:44,755, INFO, image 180393 saved to ./incoming/pexels-photo-325520.jpeg]
[Thread-3 , 2021-02-01 14:38:44,756, INFO, image 114081 saved to ./incoming/pexels-photo-135130.jpeg]
[Thread-26 , 2021-02-01 14:38:44,775, INFO, image 276539 saved to ./incoming/pexels-photo-341520.jpeg]
[Thread-16 , 2021-02-01 14:38:44,783, INFO, image 233494 saved to ./incoming/pexels-photo-317156.jpeg]
[Thread-19 , 2021-02-01 14:38:44,848, INFO, image 515517 saved to ./incoming/pexels-photo-322207.jpeg]
[Thread-4 , 2021-02-01 14:38:44,870, INFO, image 304763 saved to ./incoming/pexels-photo-167300.jpeg]
[Thread-10 , 2021-02-01 14:38:44,870, INFO, image 420808 saved to ./incoming/pexels-photo-193043.jpeg]
[Thread-5 , 2021-02-01 14:38:45,036, INFO, image 275019 saved to ./incoming/pexels-photo-167921.jpeg]
[Thread-12 , 2021-02-01 14:38:45,214, INFO, image 184097 saved to ./incoming/pexels-photo-247917.jpeg]
[Thread-2 , 2021-02-01 14:38:45,309, INFO, image 197058 saved to ./incoming/pexels-photo-134392.jpeg]
[MainThread , 2021-02-01 14:40:17,158, INFO, START make_thumbnails]
[MainThread , 2021-02-01 14:40:17,159, INFO, beginning image downloads]
[Thread-14 , 2021-02-01 14:40:18,341, INFO, image 91450 saved to ./incoming/pexels-photo-265186.jpeg]
[Thread-23 , 2021-02-01 14:40:18,394, INFO, image 263485 saved to ./incoming/pexels-photo-324658.jpeg]
[Thread-7 , 2021-02-01 14:40:18,400, INFO, image 40052 saved to ./incoming/pexels-photo-185934.jpeg]
[Thread-12 , 2021-02-01 14:40:18,410, INFO, image 184097 saved to ./incoming/pexels-photo-247917.jpeg]
[Thread-6 , 2021-02-01 14:40:18,438, INFO, image 125169 saved to ./incoming/pexels-photo-173125.jpeg]
[Thread-15 , 2021-02-01 14:40:18,449, INFO, image 151442 saved to ./incoming/pexels-photo-302899.jpeg]
[Thread-11 , 2021-02-01 14:40:18,464, INFO, image 72124 saved to ./incoming/pexels-photo-207962.jpeg]
[Thread-13 , 2021-02-01 14:40:18,467, INFO, image 259934 saved to ./incoming/pexels-photo-247932.jpeg]
[Thread-8 , 2021-02-01 14:40:18,531, INFO, image 186764 saved to ./incoming/pexels-photo-192454.jpeg]
[Thread-24 , 2021-02-01 14:40:18,634, INFO, image 180393 saved to ./incoming/pexels-photo-325520.jpeg]
[Thread-20 , 2021-02-01 14:40:18,784, INFO, image 177982 saved to ./incoming/pexels-photo-323503.jpeg]
[Thread-4 , 2021-02-01 14:40:18,908, INFO, image 304763 saved to ./incoming/pexels-photo-167300.jpeg]
[Thread-17 , 2021-02-01 14:40:18,965, INFO, image 591633 saved to ./incoming/pexels-photo-317383.jpeg]
[Thread-18 , 2021-02-01 14:40:18,969, INFO, image 74683 saved to ./incoming/pexels-photo-320007.jpeg]
[Thread-1 , 2021-02-01 14:40:19,009, INFO, image 77069 saved to ./incoming/pexels-photo-48603.jpeg]
[Thread-3 , 2021-02-01 14:40:19,035, INFO, image 114081 saved to ./incoming/pexels-photo-135130.jpeg]
[Thread-21 , 2021-02-01 14:40:19,161, INFO, image 181821 saved to ./incoming/pexels-photo-324030.jpeg]
[Thread-22 , 2021-02-01 14:40:19,199, INFO, image 151399 saved to ./incoming/pexels-photo-324655.jpeg]
[Thread-2 , 2021-02-01 14:40:19,211, INFO, image 197058 saved to ./incoming/pexels-photo-134392.jpeg]
[Thread-26 , 2021-02-01 14:40:19,293, INFO, image 276539 saved to ./incoming/pexels-photo-341520.jpeg]
[Thread-16 , 2021-02-01 14:40:19,294, INFO, image 233494 saved to ./incoming/pexels-photo-317156.jpeg]
[Thread-5 , 2021-02-01 14:40:19,348, INFO, image 275019 saved to ./incoming/pexels-photo-167921.jpeg]
[Thread-9 , 2021-02-01 14:40:19,429, INFO, image 364212 saved to ./incoming/pexels-photo-193038.jpeg]
[Thread-19 , 2021-02-01 14:40:19,494, INFO, image 515517 saved to ./incoming/pexels-photo-322207.jpeg]
[Thread-10 , 2021-02-01 14:40:19,686, INFO, image 420808 saved to ./incoming/pexels-photo-193043.jpeg]
[Thread-25 , 2021-02-01 14:40:19,739, INFO, image 116605 saved to ./incoming/pexels-photo-333529.jpeg]
[MainThread , 2021-02-01 14:40:40,505, INFO, START make_thumbnails]
[MainThread , 2021-02-01 14:40:40,505, INFO, beginning image downloads]
[Thread-7 , 2021-02-01 14:40:41,179, INFO, image 40052 saved to ./incoming/pexels-photo-185934.jpeg]
[Thread-14 , 2021-02-01 14:40:41,228, INFO, image 91450 saved to ./incoming/pexels-photo-265186.jpeg]
[Thread-3 , 2021-02-01 14:40:41,261, INFO, image 114081 saved to ./incoming/pexels-photo-135130.jpeg]
[Thread-21 , 2021-02-01 14:40:41,279, INFO, image 181821 saved to ./incoming/pexels-photo-324030.jpeg]
[Thread-11 , 2021-02-01 14:40:41,286, INFO, image 72124 saved to ./incoming/pexels-photo-207962.jpeg]
[Thread-5 , 2021-02-01 14:40:41,301, INFO, image 275019 saved to ./incoming/pexels-photo-167921.jpeg]
[Thread-1 , 2021-02-01 14:40:41,311, INFO, image 77069 saved to ./incoming/pexels-photo-48603.jpeg]
[Thread-12 , 2021-02-01 14:40:41,315, INFO, image 184097 saved to ./incoming/pexels-photo-247917.jpeg]
[Thread-19 , 2021-02-01 14:40:41,330, INFO, image 515517 saved to ./incoming/pexels-photo-322207.jpeg]
[Thread-9 , 2021-02-01 14:40:41,332, INFO, image 364212 saved to ./incoming/pexels-photo-193038.jpeg]
[Thread-22 , 2021-02-01 14:40:41,378, INFO, image 151399 saved to ./incoming/pexels-photo-324655.jpeg]
[Thread-20 , 2021-02-01 14:40:41,400, INFO, image 177982 saved to ./incoming/pexels-photo-323503.jpeg]
[Thread-18 , 2021-02-01 14:40:41,557, INFO, image 74683 saved to ./incoming/pexels-photo-320007.jpeg]
[Thread-13 , 2021-02-01 14:40:41,613, INFO, image 259934 saved to ./incoming/pexels-photo-247932.jpeg]
[Thread-25 , 2021-02-01 14:40:41,943, INFO, image 116605 saved to ./incoming/pexels-photo-333529.jpeg]
[Thread-8 , 2021-02-01 14:40:42,027, INFO, image 186764 saved to ./incoming/pexels-photo-192454.jpeg]
[Thread-6 , 2021-02-01 14:40:42,047, INFO, image 125169 saved to ./incoming/pexels-photo-173125.jpeg]
[Thread-16 , 2021-02-01 14:40:42,050, INFO, image 233494 saved to ./incoming/pexels-photo-317156.jpeg]
[Thread-23 , 2021-02-01 14:40:42,077, INFO, image 263485 saved to ./incoming/pexels-photo-324658.jpeg]
[Thread-4 , 2021-02-01 14:40:42,087, INFO, image 304763 saved to ./incoming/pexels-photo-167300.jpeg]
[Thread-2 , 2021-02-01 14:40:42,115, INFO, image 197058 saved to ./incoming/pexels-photo-134392.jpeg]
[Thread-26 , 2021-02-01 14:40:42,223, INFO, image 276539 saved to ./incoming/pexels-photo-341520.jpeg]
[Thread-17 , 2021-02-01 14:40:42,305, INFO, image 591633 saved to ./incoming/pexels-photo-317383.jpeg]
[Thread-10 , 2021-02-01 14:40:42,456, INFO, image 420808 saved to ./incoming/pexels-photo-193043.jpeg]
[Thread-15 , 2021-02-01 14:40:42,473, INFO, image 151442 saved to ./incoming/pexels-photo-302899.jpeg]
[Thread-24 , 2021-02-01 14:40:42,610, INFO, image 180393 saved to ./incoming/pexels-photo-325520.jpeg]
[MainThread , 2021-02-01 14:41:02,636, INFO, START make_thumbnails]
[MainThread , 2021-02-01 14:41:02,636, INFO, beginning image downloads]
[Thread-14 , 2021-02-01 14:41:03,538, INFO, image 91450 saved to ./incoming/pexels-photo-265186.jpeg]
[Thread-20 , 2021-02-01 14:41:03,539, INFO, image 177982 saved to ./incoming/pexels-photo-323503.jpeg]
[Thread-12 , 2021-02-01 14:41:03,559, INFO, image 184097 saved to ./incoming/pexels-photo-247917.jpeg]
[Thread-6 , 2021-02-01 14:41:03,559, INFO, image 125169 saved to ./incoming/pexels-photo-173125.jpeg]
[Thread-5 , 2021-02-01 14:41:03,561, INFO, image 275019 saved to ./incoming/pexels-photo-167921.jpeg]
[Thread-22 , 2021-02-01 14:41:03,568, INFO, image 151399 saved to ./incoming/pexels-photo-324655.jpeg]
[Thread-2 , 2021-02-01 14:41:03,579, INFO, image 197058 saved to ./incoming/pexels-photo-134392.jpeg]
[Thread-24 , 2021-02-01 14:41:03,595, INFO, image 180393 saved to ./incoming/pexels-photo-325520.jpeg]
[Thread-26 , 2021-02-01 14:41:03,598, INFO, image 276539 saved to ./incoming/pexels-photo-341520.jpeg]
[Thread-25 , 2021-02-01 14:41:03,617, INFO, image 116605 saved to ./incoming/pexels-photo-333529.jpeg]
[Thread-7 , 2021-02-01 14:41:03,821, INFO, image 40052 saved to ./incoming/pexels-photo-185934.jpeg]
[Thread-8 , 2021-02-01 14:41:03,849, INFO, image 186764 saved to ./incoming/pexels-photo-192454.jpeg]
[Thread-3 , 2021-02-01 14:41:04,019, INFO, image 114081 saved to ./incoming/pexels-photo-135130.jpeg]
[Thread-11 , 2021-02-01 14:41:04,036, INFO, image 72124 saved to ./incoming/pexels-photo-207962.jpeg]
[Thread-18 , 2021-02-01 14:41:04,096, INFO, image 74683 saved to ./incoming/pexels-photo-320007.jpeg]
[Thread-21 , 2021-02-01 14:41:04,128, INFO, image 181821 saved to ./incoming/pexels-photo-324030.jpeg]
[Thread-15 , 2021-02-01 14:41:04,138, INFO, image 151442 saved to ./incoming/pexels-photo-302899.jpeg]
[Thread-9 , 2021-02-01 14:41:04,237, INFO, image 364212 saved to ./incoming/pexels-photo-193038.jpeg]
[Thread-16 , 2021-02-01 14:41:04,256, INFO, image 233494 saved to ./incoming/pexels-photo-317156.jpeg]
[Thread-23 , 2021-02-01 14:41:04,263, INFO, image 263485 saved to ./incoming/pexels-photo-324658.jpeg]
[Thread-19 , 2021-02-01 14:41:04,269, INFO, image 515517 saved to ./incoming/pexels-photo-322207.jpeg]
[Thread-13 , 2021-02-01 14:41:04,294, INFO, image 259934 saved to ./incoming/pexels-photo-247932.jpeg]
[Thread-4 , 2021-02-01 14:41:04,365, INFO, image 304763 saved to ./incoming/pexels-photo-167300.jpeg]
[Thread-1 , 2021-02-01 14:41:04,462, INFO, image 77069 saved to ./incoming/pexels-photo-48603.jpeg]
[Thread-10 , 2021-02-01 14:41:04,504, INFO, image 420808 saved to ./incoming/pexels-photo-193043.jpeg]
[Thread-17 , 2021-02-01 14:41:04,570, INFO, image 591633 saved to ./incoming/pexels-photo-317383.jpeg]
[MainThread , 2021-02-01 14:41:04,570, INFO, downloaded 26 images  in 1.9338174700005766 seconds: 5627593]
[MainThread , 2021-02-01 14:41:04,571, INFO, END make_thumbnails in 1.934530991000429 seconds]
[MainThread , 2021-02-01 14:41:49,014, INFO, START make_thumbnails]
[MainThread , 2021-02-01 14:41:49,015, INFO, beginning image downloads]
[Thread-21 , 2021-02-01 14:41:50,177, INFO, image 181821 saved to ./incoming/pexels-photo-324030.jpeg]
[Thread-12 , 2021-02-01 14:41:50,240, INFO, image 184097 saved to ./incoming/pexels-photo-247917.jpeg]
[Thread-18 , 2021-02-01 14:41:50,251, INFO, image 74683 saved to ./incoming/pexels-photo-320007.jpeg]
[Thread-3 , 2021-02-01 14:41:50,257, INFO, image 114081 saved to ./incoming/pexels-photo-135130.jpeg]
[Thread-1 , 2021-02-01 14:41:50,267, INFO, image 77069 saved to ./incoming/pexels-photo-48603.jpeg]
[Thread-26 , 2021-02-01 14:41:50,282, INFO, image 276539 saved to ./incoming/pexels-photo-341520.jpeg]
[Thread-23 , 2021-02-01 14:41:50,286, INFO, image 263485 saved to ./incoming/pexels-photo-324658.jpeg]
[Thread-4 , 2021-02-01 14:41:50,299, INFO, image 304763 saved to ./incoming/pexels-photo-167300.jpeg]
[Thread-13 , 2021-02-01 14:41:50,304, INFO, image 259934 saved to ./incoming/pexels-photo-247932.jpeg]
[Thread-2 , 2021-02-01 14:41:50,310, INFO, image 197058 saved to ./incoming/pexels-photo-134392.jpeg]
[Thread-20 , 2021-02-01 14:41:50,351, INFO, image 177982 saved to ./incoming/pexels-photo-323503.jpeg]
[Thread-25 , 2021-02-01 14:41:50,364, INFO, image 116605 saved to ./incoming/pexels-photo-333529.jpeg]
[Thread-7 , 2021-02-01 14:41:50,753, INFO, image 40052 saved to ./incoming/pexels-photo-185934.jpeg]
[Thread-11 , 2021-02-01 14:41:50,757, INFO, image 72124 saved to ./incoming/pexels-photo-207962.jpeg]
[Thread-14 , 2021-02-01 14:41:50,866, INFO, image 91450 saved to ./incoming/pexels-photo-265186.jpeg]
[Thread-15 , 2021-02-01 14:41:50,906, INFO, image 151442 saved to ./incoming/pexels-photo-302899.jpeg]
[Thread-22 , 2021-02-01 14:41:50,977, INFO, image 151399 saved to ./incoming/pexels-photo-324655.jpeg]
[Thread-6 , 2021-02-01 14:41:50,978, INFO, image 125169 saved to ./incoming/pexels-photo-173125.jpeg]
[Thread-8 , 2021-02-01 14:41:51,016, INFO, image 186764 saved to ./incoming/pexels-photo-192454.jpeg]
[Thread-5 , 2021-02-01 14:41:51,113, INFO, image 275019 saved to ./incoming/pexels-photo-167921.jpeg]
[Thread-24 , 2021-02-01 14:41:51,125, INFO, image 180393 saved to ./incoming/pexels-photo-325520.jpeg]
[Thread-16 , 2021-02-01 14:41:51,170, INFO, image 233494 saved to ./incoming/pexels-photo-317156.jpeg]
[Thread-9 , 2021-02-01 14:41:51,181, INFO, image 364212 saved to ./incoming/pexels-photo-193038.jpeg]
[Thread-10 , 2021-02-01 14:41:51,213, INFO, image 420808 saved to ./incoming/pexels-photo-193043.jpeg]
[Thread-17 , 2021-02-01 14:41:51,487, INFO, image 591633 saved to ./incoming/pexels-photo-317383.jpeg]
[Thread-19 , 2021-02-01 14:41:51,825, INFO, image 515517 saved to ./incoming/pexels-photo-322207.jpeg]
[MainThread , 2021-02-01 14:41:51,825, INFO, downloaded 26 images  in 2.8103188869990845 seconds: 5627593 TOTAL BYTES]
[MainThread , 2021-02-01 14:41:51,825, INFO, END make_thumbnails in 2.81061317700005 seconds]
